--------------------------------------------------------------------------
WARNING: Linux kernel CMA support was requested via the
btl_vader_single_copy_mechanism MCA variable, but CMA support is
not available due to restrictive ptrace settings.

The vader shared memory BTL will fall back on another single-copy
mechanism if one is available. This may result in lower performance.

  Local host: kepler
--------------------------------------------------------------------------
Rank 0 from 8 running in total...
Rank 1 from 8 running in total...
Rank 3 from 8 running in total...
Rank 4 from 8 running in total...
Rank 5 from 8 running in total...
Rank 6 from 8 running in total...
Rank 7 from 8 running in total...
Rank 2 from 8 running in total...
[kepler:00758] 7 more processes have sent help message help-btl-vader.txt / cma-permission-denied
[kepler:00758] Set MCA parameter "orte_base_help_aggregate" to 0 to see all help / error messages
prog song 1/30 processed by rank 1
prog song 1/29 processed by rank 3
prog song 1/30 processed by rank 2
prog song 1/29 processed by rank 5
prog song 1/29 processed by rank 7
prog song 2/30 processed by rank 1
prog song 2/29 processed by rank 5
prog song 1/29 processed by rank 6
prog song 1/30 processed by rank 0
prog song 2/29 processed by rank 7
prog song 1/29 processed by rank 4
prog song 3/29 processed by rank 5
prog song 2/29 processed by rank 4
prog song 3/29 processed by rank 7
prog song 2/30 processed by rank 2
prog song 3/30 processed by rank 1
prog song 2/30 processed by rank 0
prog song 2/29 processed by rank 3
prog song 2/29 processed by rank 6
prog song 3/29 processed by rank 4
prog song 4/30 processed by rank 1
prog song 3/29 processed by rank 3
prog song 4/29 processed by rank 5
prog song 3/29 processed by rank 6
prog song 4/29 processed by rank 7
prog song 4/29 processed by rank 4
prog song 3/30 processed by rank 2
prog song 5/30 processed by rank 1
prog song 3/30 processed by rank 0
prog song 5/29 processed by rank 5
prog song 5/29 processed by rank 7
prog song 5/29 processed by rank 4
prog song 4/29 processed by rank 6
prog song 6/29 processed by rank 5
prog song 4/30 processed by rank 0
prog song 6/30 processed by rank 1
prog song 6/29 processed by rank 7
prog song 4/29 processed by rank 3
prog song 7/30 processed by rank 1
prog song 5/30 processed by rank 0
prog song 5/29 processed by rank 3
prog song 5/29 processed by rank 6
prog song 4/30 processed by rank 2
prog song 6/29 processed by rank 3
prog song 6/30 processed by rank 0
prog song 7/29 processed by rank 5
prog song 8/30 processed by rank 1
prog song 6/29 processed by rank 4
prog song 7/30 processed by rank 0
prog song 5/30 processed by rank 2
prog song 7/29 processed by rank 3
prog song 9/30 processed by rank 1
prog song 6/29 processed by rank 6
prog song 10/30 processed by rank 1
prog song 8/30 processed by rank 0
prog song 6/30 processed by rank 2
prog song 8/29 processed by rank 3
prog song 7/29 processed by rank 4
prog song 7/29 processed by rank 7
prog song 9/30 processed by rank 0
prog song 8/29 processed by rank 4
prog song 7/29 processed by rank 6
prog song 7/30 processed by rank 2
prog song 10/30 processed by rank 0
prog song 8/29 processed by rank 7
prog song 9/29 processed by rank 4
prog song 9/29 processed by rank 3
prog song 8/29 processed by rank 6
prog song 8/30 processed by rank 2
prog song 10/29 processed by rank 3
prog song 9/29 processed by rank 6
prog song 10/29 processed by rank 4
prog song 9/29 processed by rank 7
prog song 8/29 processed by rank 5
prog song 11/30 processed by rank 1
prog song 9/30 processed by rank 2
prog song 11/30 processed by rank 0
prog song 11/29 processed by rank 4
prog song 12/30 processed by rank 1
prog song 10/29 processed by rank 6
prog song 12/30 processed by rank 0
prog song 13/30 processed by rank 0
prog song 10/30 processed by rank 2
prog song 9/29 processed by rank 5
prog song 10/29 processed by rank 7
prog song 11/29 processed by rank 6
prog song 12/29 processed by rank 4
prog song 12/29 processed by rank 6
prog song 10/29 processed by rank 5
prog song 13/29 processed by rank 4
prog song 11/30 processed by rank 2
prog song 14/30 processed by rank 0
prog song 11/29 processed by rank 7
prog song 11/29 processed by rank 5
prog song 11/29 processed by rank 3
prog song 15/30 processed by rank 0
prog song 13/30 processed by rank 1
prog song 14/29 processed by rank 4
prog song 13/29 processed by rank 6
prog song 12/29 processed by rank 7
prog song 14/30 processed by rank 1
prog song 14/29 processed by rank 6
prog song 12/30 processed by rank 2
prog song 13/29 processed by rank 7
prog song 12/29 processed by rank 3
prog song 15/29 processed by rank 6
prog song 16/30 processed by rank 0
prog song 14/29 processed by rank 7
prog song 15/29 processed by rank 4
prog song 16/29 processed by rank 6
prog song 17/30 processed by rank 0
prog song 15/29 processed by rank 7
prog song 13/30 processed by rank 2
prog song 16/29 processed by rank 4
prog song 18/30 processed by rank 0
prog song 16/29 processed by rank 7
prog song 13/29 processed by rank 3
prog song 14/30 processed by rank 2
prog song 17/29 processed by rank 6
prog song 17/29 processed by rank 4
prog song 17/29 processed by rank 7
prog song 15/30 processed by rank 2
prog song 18/29 processed by rank 4
prog song 14/29 processed by rank 3
prog song 15/30 processed by rank 1
prog song 19/30 processed by rank 0
prog song 18/29 processed by rank 6
prog song 16/30 processed by rank 2
prog song 18/29 processed by rank 7
prog song 15/29 processed by rank 3
prog song 17/30 processed by rank 2
prog song 19/29 processed by rank 7
prog song 16/29 processed by rank 3
prog song 19/29 processed by rank 4
prog song 16/30 processed by rank 1
prog song 19/29 processed by rank 6
prog song 20/29 processed by rank 7
prog song 18/30 processed by rank 2
prog song 17/29 processed by rank 3
prog song 17/30 processed by rank 1
prog song 21/29 processed by rank 7
prog song 18/29 processed by rank 3
prog song 22/29 processed by rank 7
prog song 20/29 processed by rank 4
prog song 20/29 processed by rank 6
prog song 12/29 processed by rank 5
prog song 19/29 processed by rank 3
prog song 21/29 processed by rank 4
prog song 23/29 processed by rank 7
prog song 22/29 processed by rank 4
prog song 20/29 processed by rank 3
prog song 19/30 processed by rank 2
prog song 24/29 processed by rank 7
prog song 21/29 processed by rank 6
prog song 20/30 processed by rank 0
prog song 23/29 processed by rank 4
prog song 21/30 processed by rank 0
prog song 20/30 processed by rank 2
prog song 24/29 processed by rank 4
prog song 25/29 processed by rank 7
prog song 21/29 processed by rank 3
prog song 26/29 processed by rank 7
prog song 13/29 processed by rank 5
prog song 18/30 processed by rank 1
prog song 22/29 processed by rank 6
prog song 22/30 processed by rank 0
prog song 21/30 processed by rank 2
prog song 22/29 processed by rank 3
prog song 19/30 processed by rank 1
prog song 27/29 processed by rank 7
prog song 23/29 processed by rank 3
prog song 23/30 processed by rank 0
prog song 20/30 processed by rank 1
prog song 14/29 processed by rank 5
prog song 28/29 processed by rank 7
prog song 15/29 processed by rank 5
prog song 24/30 processed by rank 0
prog song 21/30 processed by rank 1
prog song 25/29 processed by rank 4
prog song 24/29 processed by rank 3
prog song 22/30 processed by rank 2
prog song 16/29 processed by rank 5
prog song 23/29 processed by rank 6
prog song 22/30 processed by rank 1
prog song 26/29 processed by rank 4
prog song 24/29 processed by rank 6
prog song 25/29 processed by rank 3
prog song 23/30 processed by rank 2
prog song 25/30 processed by rank 0
prog song 29/29 processed by rank 7
prog song 27/29 processed by rank 4
prog song 23/30 processed by rank 1
prog song 25/29 processed by rank 6
prog song 17/29 processed by rank 5
prog song 24/30 processed by rank 2
prog song 26/29 processed by rank 3
prog song 26/30 processed by rank 0
prog song 28/29 processed by rank 4
prog song 26/29 processed by rank 6
prog song 24/30 processed by rank 1
prog song 27/29 processed by rank 3
prog song 27/30 processed by rank 0
prog song 28/29 processed by rank 3
prog song 29/29 processed by rank 4
prog song 18/29 processed by rank 5
prog song 25/30 processed by rank 2
prog song 27/29 processed by rank 6
prog song 28/30 processed by rank 0
prog song 26/30 processed by rank 2
prog song 29/29 processed by rank 3
prog song 25/30 processed by rank 1
prog song 29/30 processed by rank 0
prog song 19/29 processed by rank 5
prog song 26/30 processed by rank 1
prog song 27/30 processed by rank 2
prog song 30/30 processed by rank 0
prog song 20/29 processed by rank 5
prog song 28/29 processed by rank 6
prog song 27/30 processed by rank 1
prog song 28/30 processed by rank 2
prog song 29/29 processed by rank 6
prog song 29/30 processed by rank 2
prog song 28/30 processed by rank 1
prog song 21/29 processed by rank 5
prog song 30/30 processed by rank 2
prog song 22/29 processed by rank 5
prog song 29/30 processed by rank 1
prog song 23/29 processed by rank 5
prog song 30/30 processed by rank 1
prog song 24/29 processed by rank 5
prog song 25/29 processed by rank 5
prog song 26/29 processed by rank 5
prog song 27/29 processed by rank 5
prog song 28/29 processed by rank 5
prog song 29/29 processed by rank 5
nonprog song 1/17 processed by rank 5
nonprog song 1/18 processed by rank 1
nonprog song 1/18 processed by rank 2
nonprog song 1/17 processed by rank 7
nonprog song 1/18 processed by rank 3
nonprog song 1/18 processed by rank 0
nonprog song 1/17 processed by rank 4
nonprog song 2/17 processed by rank 5
nonprog song 2/17 processed by rank 7
nonprog song 2/18 processed by rank 1
nonprog song 1/17 processed by rank 6
nonprog song 2/18 processed by rank 0
nonprog song 2/18 processed by rank 3
nonprog song 2/18 processed by rank 2
nonprog song 3/17 processed by rank 5
nonprog song 2/17 processed by rank 4
nonprog song 3/18 processed by rank 1
nonprog song 3/18 processed by rank 0
nonprog song 3/18 processed by rank 3
nonprog song 2/17 processed by rank 6
nonprog song 4/17 processed by rank 5
nonprog song 3/17 processed by rank 7
nonprog song 3/17 processed by rank 4
nonprog song 5/17 processed by rank 5
nonprog song 4/18 processed by rank 0
nonprog song 3/17 processed by rank 6
nonprog song 4/18 processed by rank 1
nonprog song 4/17 processed by rank 7
nonprog song 5/18 processed by rank 0
nonprog song 4/18 processed by rank 3
nonprog song 3/18 processed by rank 2
nonprog song 6/17 processed by rank 5
nonprog song 5/18 processed by rank 1
nonprog song 4/17 processed by rank 4
nonprog song 5/17 processed by rank 7
nonprog song 6/18 processed by rank 1
nonprog song 5/18 processed by rank 3
nonprog song 7/17 processed by rank 5
nonprog song 4/18 processed by rank 2
nonprog song 6/18 processed by rank 0
nonprog song 5/17 processed by rank 4
nonprog song 7/18 processed by rank 1
nonprog song 4/17 processed by rank 6
nonprog song 5/18 processed by rank 2
nonprog song 6/18 processed by rank 3
nonprog song 8/17 processed by rank 5
nonprog song 6/17 processed by rank 4
nonprog song 8/18 processed by rank 1
nonprog song 7/18 processed by rank 0
nonprog song 5/17 processed by rank 6
nonprog song 6/17 processed by rank 7
nonprog song 7/18 processed by rank 3
nonprog song 7/17 processed by rank 4
nonprog song 8/18 processed by rank 0
nonprog song 6/18 processed by rank 2
nonprog song 8/18 processed by rank 3
nonprog song 9/17 processed by rank 5
nonprog song 6/17 processed by rank 6
nonprog song 10/17 processed by rank 5
nonprog song 8/17 processed by rank 4
nonprog song 9/18 processed by rank 0
nonprog song 7/18 processed by rank 2
nonprog song 7/17 processed by rank 7
nonprog song 9/18 processed by rank 3
nonprog song 7/17 processed by rank 6
nonprog song 9/18 processed by rank 1
nonprog song 9/17 processed by rank 4
nonprog song 8/18 processed by rank 2
nonprog song 11/17 processed by rank 5
nonprog song 10/18 processed by rank 3
nonprog song 8/17 processed by rank 7
nonprog song 10/18 processed by rank 1
nonprog song 8/17 processed by rank 6
nonprog song 12/17 processed by rank 5
nonprog song 9/18 processed by rank 2
nonprog song 10/18 processed by rank 0
nonprog song 11/18 processed by rank 3
nonprog song 11/18 processed by rank 1
nonprog song 10/17 processed by rank 4
nonprog song 9/17 processed by rank 7
nonprog song 10/18 processed by rank 2
nonprog song 12/18 processed by rank 3
nonprog song 13/17 processed by rank 5
nonprog song 11/17 processed by rank 4
nonprog song 11/18 processed by rank 0
nonprog song 13/18 processed by rank 3
nonprog song 12/18 processed by rank 1
nonprog song 12/18 processed by rank 0
nonprog song 9/17 processed by rank 6
nonprog song 14/17 processed by rank 5
nonprog song 12/17 processed by rank 4
nonprog song 10/17 processed by rank 7
nonprog song 14/18 processed by rank 3
nonprog song 11/18 processed by rank 2
nonprog song 11/17 processed by rank 7
nonprog song 13/17 processed by rank 4
nonprog song 13/18 processed by rank 1
nonprog song 10/17 processed by rank 6
nonprog song 15/17 processed by rank 5
nonprog song 14/17 processed by rank 4
nonprog song 12/17 processed by rank 7
nonprog song 12/18 processed by rank 2
nonprog song 15/18 processed by rank 3
nonprog song 14/18 processed by rank 1
nonprog song 15/17 processed by rank 4
nonprog song 11/17 processed by rank 6
nonprog song 13/18 processed by rank 0
nonprog song 15/18 processed by rank 1
nonprog song 16/18 processed by rank 3
nonprog song 13/17 processed by rank 7
nonprog song 16/17 processed by rank 5
nonprog song 13/18 processed by rank 2
nonprog song 16/18 processed by rank 1
nonprog song 17/18 processed by rank 3
nonprog song 12/17 processed by rank 6
nonprog song 14/18 processed by rank 2
nonprog song 14/18 processed by rank 0
nonprog song 17/17 processed by rank 5
nonprog song 14/17 processed by rank 7
nonprog song 13/17 processed by rank 6
nonprog song 16/17 processed by rank 4
nonprog song 17/18 processed by rank 1
nonprog song 15/18 processed by rank 2
nonprog song 14/17 processed by rank 6
nonprog song 15/17 processed by rank 7
nonprog song 18/18 processed by rank 1
nonprog song 17/17 processed by rank 4
nonprog song 15/18 processed by rank 0
nonprog song 18/18 processed by rank 3
nonprog song 16/17 processed by rank 7
nonprog song 16/18 processed by rank 2
nonprog song 16/18 processed by rank 0
nonprog song 15/17 processed by rank 6
nonprog song 17/18 processed by rank 2
nonprog song 17/17 processed by rank 7
nonprog song 16/17 processed by rank 6
nonprog song 17/18 processed by rank 0
nonprog song 18/18 processed by rank 2
nonprog song 18/18 processed by rank 0
nonprog song 17/17 processed by rank 6
[0m[0m[0m[0m[0m[0m[0mProgram finished processing train in 2194.355309486389 seconds
[0m--------------------------------------------------------------------------
WARNING: Linux kernel CMA support was requested via the
btl_vader_single_copy_mechanism MCA variable, but CMA support is
not available due to restrictive ptrace settings.

The vader shared memory BTL will fall back on another single-copy
mechanism if one is available. This may result in lower performance.

  Local host: kepler
--------------------------------------------------------------------------
Rank 3 from 8 running in total...
Rank 7 from 8 running in total...
Rank 1 from 8 running in total...
Rank 5 from 8 running in total...
Rank 6 from 8 running in total...
Rank 2 from 8 running in total...
Rank 4 from 8 running in total...
Rank 0 from 8 running in total...
Traceback (most recent call last):
  File "./extract_feature_LSTM.py", line 90, in <module>
    files = os.listdir(f'{LOC}/{g}')
FileNotFoundError: [Errno 2] No such file or directory: './__validation/prog'
[kepler:09521] 7 more processes have sent help message help-btl-vader.txt / cma-permission-denied
[kepler:09521] Set MCA parameter "orte_base_help_aggregate" to 0 to see all help / error messages
--------------------------------------------------------------------------
WARNING: Linux kernel CMA support was requested via the
btl_vader_single_copy_mechanism MCA variable, but CMA support is
not available due to restrictive ptrace settings.

The vader shared memory BTL will fall back on another single-copy
mechanism if one is available. This may result in lower performance.

  Local host: kepler
--------------------------------------------------------------------------
Rank 0 from 8 running in total...
Rank 6 from 8 running in total...
Rank 1 from 8 running in total...
Rank 2 from 8 running in total...
Rank 3 from 8 running in total...
Rank 4 from 8 running in total...
Rank 7 from 8 running in total...
Rank 5 from 8 running in total...
[kepler:31139] 7 more processes have sent help message help-btl-vader.txt / cma-permission-denied
[kepler:31139] Set MCA parameter "orte_base_help_aggregate" to 0 to see all help / error messages
prog song 1/9 processed by rank 4
prog song 1/9 processed by rank 1
prog song 1/9 processed by rank 6
prog song 1/9 processed by rank 7
prog song 1/9 processed by rank 5
prog song 1/10 processed by rank 0
prog song 1/9 processed by rank 3
prog song 2/9 processed by rank 6
prog song 2/9 processed by rank 4
prog song 1/9 processed by rank 2
prog song 2/9 processed by rank 2
prog song 2/9 processed by rank 3
prog song 3/9 processed by rank 6
prog song 2/9 processed by rank 7
prog song 2/10 processed by rank 0
prog song 2/9 processed by rank 1
prog song 3/9 processed by rank 4
prog song 3/9 processed by rank 2
prog song 4/9 processed by rank 6
prog song 3/9 processed by rank 3
prog song 3/10 processed by rank 0
prog song 4/9 processed by rank 2
prog song 5/9 processed by rank 6
prog song 3/9 processed by rank 7
prog song 4/10 processed by rank 0
prog song 5/9 processed by rank 2
prog song 6/9 processed by rank 6
prog song 7/9 processed by rank 6
prog song 6/9 processed by rank 2
prog song 4/9 processed by rank 4
prog song 4/9 processed by rank 7
prog song 5/9 processed by rank 4
prog song 7/9 processed by rank 2
prog song 8/9 processed by rank 6
prog song 8/9 processed by rank 2
prog song 4/9 processed by rank 3
prog song 6/9 processed by rank 4
prog song 9/9 processed by rank 2
prog song 3/9 processed by rank 1
prog song 5/9 processed by rank 3
prog song 7/9 processed by rank 4
prog song 9/9 processed by rank 6
prog song 4/9 processed by rank 1
prog song 6/9 processed by rank 3
prog song 7/9 processed by rank 3
prog song 8/9 processed by rank 4
prog song 5/9 processed by rank 7
prog song 8/9 processed by rank 3
prog song 5/10 processed by rank 0
prog song 6/9 processed by rank 7
prog song 9/9 processed by rank 3
prog song 7/9 processed by rank 7
prog song 6/10 processed by rank 0
prog song 8/9 processed by rank 7
prog song 7/10 processed by rank 0
prog song 8/10 processed by rank 0
prog song 9/9 processed by rank 7
prog song 9/10 processed by rank 0
prog song 10/10 processed by rank 0
prog song 5/9 processed by rank 1
prog song 9/9 processed by rank 4
prog song 6/9 processed by rank 1
prog song 7/9 processed by rank 1
prog song 8/9 processed by rank 1
prog song 9/9 processed by rank 1
prog song 2/9 processed by rank 5
prog song 3/9 processed by rank 5
prog song 4/9 processed by rank 5
prog song 5/9 processed by rank 5
prog song 6/9 processed by rank 5
prog song 7/9 processed by rank 5
prog song 8/9 processed by rank 5
prog song 9/9 processed by rank 5
nonprog song 1/37 processed by rank 6
nonprog song 1/37 processed by rank 7
nonprog song 1/38 processed by rank 4
nonprog song 1/37 processed by rank 5
nonprog song 1/38 processed by rank 2
nonprog song 1/38 processed by rank 3
nonprog song 1/38 processed by rank 1
nonprog song 1/38 processed by rank 0
nonprog song 2/37 processed by rank 7
nonprog song 2/37 processed by rank 5
nonprog song 2/38 processed by rank 1
nonprog song 2/38 processed by rank 4
nonprog song 3/37 processed by rank 5
nonprog song 3/37 processed by rank 7
nonprog song 2/37 processed by rank 6
nonprog song 3/38 processed by rank 1
nonprog song 3/38 processed by rank 4
nonprog song 2/38 processed by rank 2
nonprog song 2/38 processed by rank 3
nonprog song 4/37 processed by rank 5
nonprog song 2/38 processed by rank 0
nonprog song 4/38 processed by rank 1
nonprog song 3/37 processed by rank 6
nonprog song 5/37 processed by rank 5
nonprog song 4/37 processed by rank 6
nonprog song 3/38 processed by rank 0
nonprog song 3/38 processed by rank 2
nonprog song 6/37 processed by rank 5
nonprog song 4/38 processed by rank 2
nonprog song 5/38 processed by rank 1
nonprog song 4/38 processed by rank 4
nonprog song 7/37 processed by rank 5
nonprog song 6/38 processed by rank 1
nonprog song 3/38 processed by rank 3
nonprog song 5/37 processed by rank 6
nonprog song 4/37 processed by rank 7
nonprog song 4/38 processed by rank 0
nonprog song 5/38 processed by rank 4
nonprog song 8/37 processed by rank 5
nonprog song 5/38 processed by rank 2
nonprog song 6/37 processed by rank 6
nonprog song 5/38 processed by rank 0
nonprog song 9/37 processed by rank 5
nonprog song 4/38 processed by rank 3
nonprog song 5/37 processed by rank 7
nonprog song 7/37 processed by rank 6
nonprog song 6/38 processed by rank 2
nonprog song 6/38 processed by rank 4
nonprog song 10/37 processed by rank 5
nonprog song 6/38 processed by rank 0
nonprog song 8/37 processed by rank 6
nonprog song 11/37 processed by rank 5
nonprog song 5/38 processed by rank 3
nonprog song 7/38 processed by rank 4
nonprog song 6/37 processed by rank 7
nonprog song 7/38 processed by rank 2
nonprog song 6/38 processed by rank 3
nonprog song 8/38 processed by rank 4
nonprog song 7/38 processed by rank 0
nonprog song 8/38 processed by rank 2
nonprog song 9/38 processed by rank 4
nonprog song 7/37 processed by rank 7
nonprog song 9/37 processed by rank 6
nonprog song 8/38 processed by rank 0
nonprog song 9/38 processed by rank 2
nonprog song 7/38 processed by rank 3
nonprog song 10/38 processed by rank 4
nonprog song 8/37 processed by rank 7
nonprog song 10/37 processed by rank 6
nonprog song 11/38 processed by rank 4
nonprog song 10/38 processed by rank 2
nonprog song 8/38 processed by rank 3
nonprog song 9/37 processed by rank 7
nonprog song 12/37 processed by rank 5
nonprog song 9/38 processed by rank 0
nonprog song 9/38 processed by rank 3
nonprog song 10/37 processed by rank 7
nonprog song 11/38 processed by rank 2
nonprog song 10/38 processed by rank 0
nonprog song 11/37 processed by rank 6
nonprog song 11/37 processed by rank 7
nonprog song 12/38 processed by rank 4
nonprog song 11/38 processed by rank 0
nonprog song 12/37 processed by rank 7
nonprog song 12/37 processed by rank 6
nonprog song 10/38 processed by rank 3
nonprog song 12/38 processed by rank 0
nonprog song 11/38 processed by rank 3
nonprog song 13/37 processed by rank 5
nonprog song 13/38 processed by rank 4
nonprog song 13/38 processed by rank 0
nonprog song 14/38 processed by rank 4
nonprog song 14/37 processed by rank 5
nonprog song 14/38 processed by rank 0
nonprog song 12/38 processed by rank 3
nonprog song 15/38 processed by rank 0
nonprog song 15/38 processed by rank 4
nonprog song 13/37 processed by rank 6
nonprog song 13/37 processed by rank 7
nonprog song 13/38 processed by rank 3
nonprog song 16/38 processed by rank 0
nonprog song 15/37 processed by rank 5
nonprog song 14/37 processed by rank 7
nonprog song 7/38 processed by rank 1
nonprog song 17/38 processed by rank 0
nonprog song 14/38 processed by rank 3
nonprog song 14/37 processed by rank 6
nonprog song 8/38 processed by rank 1
nonprog song 15/37 processed by rank 6
nonprog song 16/37 processed by rank 5
nonprog song 15/37 processed by rank 7
nonprog song 18/38 processed by rank 0
nonprog song 17/37 processed by rank 5
nonprog song 16/37 processed by rank 7
nonprog song 9/38 processed by rank 1
nonprog song 19/38 processed by rank 0
nonprog song 15/38 processed by rank 3
nonprog song 16/38 processed by rank 4
nonprog song 17/37 processed by rank 7
nonprog song 12/38 processed by rank 2
nonprog song 10/38 processed by rank 1
nonprog song 17/38 processed by rank 4
nonprog song 13/38 processed by rank 2
nonprog song 18/38 processed by rank 4
nonprog song 11/38 processed by rank 1
nonprog song 16/37 processed by rank 6
nonprog song 18/37 processed by rank 5
nonprog song 20/38 processed by rank 0
nonprog song 19/37 processed by rank 5
nonprog song 19/38 processed by rank 4
nonprog song 12/38 processed by rank 1
nonprog song 14/38 processed by rank 2
nonprog song 16/38 processed by rank 3
nonprog song 17/37 processed by rank 6
nonprog song 20/38 processed by rank 4
nonprog song 15/38 processed by rank 2
nonprog song 21/38 processed by rank 0
nonprog song 21/38 processed by rank 4
nonprog song 13/38 processed by rank 1
nonprog song 18/37 processed by rank 6
nonprog song 20/37 processed by rank 5
nonprog song 17/38 processed by rank 3
nonprog song 18/37 processed by rank 7
nonprog song 19/37 processed by rank 6
nonprog song 22/38 processed by rank 0
nonprog song 21/37 processed by rank 5
nonprog song 19/37 processed by rank 7
nonprog song 14/38 processed by rank 1
nonprog song 20/37 processed by rank 6
nonprog song 23/38 processed by rank 0
nonprog song 24/38 processed by rank 0
nonprog song 18/38 processed by rank 3
nonprog song 22/38 processed by rank 4
nonprog song 22/37 processed by rank 5
nonprog song 15/38 processed by rank 1
nonprog song 20/37 processed by rank 7
nonprog song 21/37 processed by rank 6
nonprog song 16/38 processed by rank 1
nonprog song 25/38 processed by rank 0
nonprog song 23/37 processed by rank 5
nonprog song 21/37 processed by rank 7
nonprog song 24/37 processed by rank 5
nonprog song 19/38 processed by rank 3
nonprog song 23/38 processed by rank 4
nonprog song 22/37 processed by rank 6
nonprog song 22/37 processed by rank 7
nonprog song 16/38 processed by rank 2
nonprog song 20/38 processed by rank 3
nonprog song 23/37 processed by rank 6
nonprog song 17/38 processed by rank 2
nonprog song 25/37 processed by rank 5
nonprog song 17/38 processed by rank 1
nonprog song 26/38 processed by rank 0
nonprog song 21/38 processed by rank 3
nonprog song 24/38 processed by rank 4
nonprog song 26/37 processed by rank 5
nonprog song 23/37 processed by rank 7
nonprog song 24/37 processed by rank 6
nonprog song 27/37 processed by rank 5
nonprog song 18/38 processed by rank 2
nonprog song 18/38 processed by rank 1
nonprog song 25/38 processed by rank 4
nonprog song 22/38 processed by rank 3
nonprog song 24/37 processed by rank 7
nonprog song 27/38 processed by rank 0
nonprog song 19/38 processed by rank 2
nonprog song 19/38 processed by rank 1
nonprog song 20/38 processed by rank 1
nonprog song 26/38 processed by rank 4
nonprog song 25/37 processed by rank 7
nonprog song 28/37 processed by rank 5
nonprog song 23/38 processed by rank 3
nonprog song 28/38 processed by rank 0
nonprog song 29/37 processed by rank 5
nonprog song 21/38 processed by rank 1
nonprog song 20/38 processed by rank 2
nonprog song 26/37 processed by rank 7
nonprog song 29/38 processed by rank 0
nonprog song 24/38 processed by rank 3
nonprog song 27/38 processed by rank 4
nonprog song 22/38 processed by rank 1
nonprog song 30/38 processed by rank 0
nonprog song 25/37 processed by rank 6
nonprog song 30/37 processed by rank 5
nonprog song 25/38 processed by rank 3
nonprog song 23/38 processed by rank 1
nonprog song 26/38 processed by rank 3
nonprog song 28/38 processed by rank 4
nonprog song 27/37 processed by rank 7
nonprog song 31/38 processed by rank 0
nonprog song 26/37 processed by rank 6
nonprog song 31/37 processed by rank 5
nonprog song 24/38 processed by rank 1
nonprog song 29/38 processed by rank 4
nonprog song 32/37 processed by rank 5
nonprog song 28/37 processed by rank 7
nonprog song 27/38 processed by rank 3
nonprog song 30/38 processed by rank 4
nonprog song 32/38 processed by rank 0
nonprog song 29/37 processed by rank 7
nonprog song 21/38 processed by rank 2
nonprog song 33/37 processed by rank 5
nonprog song 27/37 processed by rank 6
nonprog song 25/38 processed by rank 1
nonprog song 31/38 processed by rank 4
nonprog song 22/38 processed by rank 2
nonprog song 30/37 processed by rank 7
nonprog song 28/37 processed by rank 6
nonprog song 32/38 processed by rank 4
nonprog song 33/38 processed by rank 0
nonprog song 26/38 processed by rank 1
nonprog song 23/38 processed by rank 2
nonprog song 27/38 processed by rank 1
nonprog song 31/37 processed by rank 7
nonprog song 34/38 processed by rank 0
nonprog song 33/38 processed by rank 4
nonprog song 34/37 processed by rank 5
nonprog song 29/37 processed by rank 6
nonprog song 24/38 processed by rank 2
nonprog song 28/38 processed by rank 3
nonprog song 34/38 processed by rank 4
nonprog song 32/37 processed by rank 7
nonprog song 30/37 processed by rank 6
nonprog song 35/38 processed by rank 0
nonprog song 35/37 processed by rank 5
nonprog song 36/38 processed by rank 0
nonprog song 31/37 processed by rank 6
nonprog song 35/38 processed by rank 4
nonprog song 33/37 processed by rank 7
nonprog song 25/38 processed by rank 2
nonprog song 29/38 processed by rank 3
nonprog song 36/38 processed by rank 4
nonprog song 37/38 processed by rank 4
nonprog song 32/37 processed by rank 6
nonprog song 28/38 processed by rank 1
nonprog song 36/37 processed by rank 5
nonprog song 30/38 processed by rank 3
nonprog song 38/38 processed by rank 4
nonprog song 37/37 processed by rank 5
nonprog song 26/38 processed by rank 2
nonprog song 34/37 processed by rank 7
nonprog song 27/38 processed by rank 2
nonprog song 29/38 processed by rank 1
nonprog song 31/38 processed by rank 3
nonprog song 35/37 processed by rank 7
nonprog song 28/38 processed by rank 2
nonprog song 33/37 processed by rank 6
nonprog song 32/38 processed by rank 3
nonprog song 34/37 processed by rank 6
nonprog song 33/38 processed by rank 3
nonprog song 35/37 processed by rank 6
nonprog song 36/37 processed by rank 7
nonprog song 37/38 processed by rank 0
nonprog song 34/38 processed by rank 3
nonprog song 36/37 processed by rank 6
nonprog song 29/38 processed by rank 2
nonprog song 35/38 processed by rank 3
nonprog song 30/38 processed by rank 2
nonprog song 38/38 processed by rank 0
nonprog song 37/37 processed by rank 7
nonprog song 30/38 processed by rank 1
nonprog song 36/38 processed by rank 3
nonprog song 31/38 processed by rank 2
nonprog song 37/37 processed by rank 6
nonprog song 31/38 processed by rank 1
nonprog song 32/38 processed by rank 2
nonprog song 37/38 processed by rank 3
nonprog song 32/38 processed by rank 1
nonprog song 33/38 processed by rank 2
nonprog song 34/38 processed by rank 2
nonprog song 33/38 processed by rank 1
nonprog song 38/38 processed by rank 3
nonprog song 34/38 processed by rank 1
nonprog song 35/38 processed by rank 2
nonprog song 35/38 processed by rank 1
nonprog song 36/38 processed by rank 2
nonprog song 37/38 processed by rank 2
nonprog song 38/38 processed by rank 2
nonprog song 36/38 processed by rank 1
nonprog song 37/38 processed by rank 1
nonprog song 38/38 processed by rank 1
[0m[0m[0m[0m[0m[0m[0mProgram finished processing train in 15.354326876004537 minutes
[0m[kepler:01307] [[51848,0],0] ORTE_ERROR_LOG: Data unpack would read past end of buffer in file util/show_help.c at line 507
--------------------------------------------------------------------------
WARNING: Linux kernel CMA support was requested via the
btl_vader_single_copy_mechanism MCA variable, but CMA support is
not available due to restrictive ptrace settings.

The vader shared memory BTL will fall back on another single-copy
mechanism if one is available. This may result in lower performance.

  Local host: kepler
--------------------------------------------------------------------------
Rank 5 from 8 running in total...
Rank 3 from 8 running in total...
Rank 6 from 8 running in total...
Rank 7 from 8 running in total...
Rank 0 from 8 running in total...
Rank 4 from 8 running in total...
Rank 1 from 8 running in total...
Rank 2 from 8 running in total...
[kepler:01307] 6 more processes have sent help message help-btl-vader.txt / cma-permission-denied
[kepler:01307] Set MCA parameter "orte_base_help_aggregate" to 0 to see all help / error messages
prog song 1/3 processed by rank 1
prog song 1/2 processed by rank 6
prog song 1/2 processed by rank 5
prog song 1/3 processed by rank 3
prog song 2/2 processed by rank 6
prog song 1/3 processed by rank 0
prog song 2/3 processed by rank 3
prog song 2/3 processed by rank 1
prog song 1/3 processed by rank 2
prog song 2/3 processed by rank 2
prog song 1/2 processed by rank 7
prog song 3/3 processed by rank 2
prog song 1/3 processed by rank 4
prog song 3/3 processed by rank 1
prog song 3/3 processed by rank 3
prog song 2/2 processed by rank 5
prog song 2/3 processed by rank 0
prog song 2/3 processed by rank 4
prog song 2/2 processed by rank 7
prog song 3/3 processed by rank 0
prog song 3/3 processed by rank 4
nonprog song 1/9 processed by rank 4
nonprog song 1/9 processed by rank 0
nonprog song 1/9 processed by rank 3
nonprog song 1/9 processed by rank 1
nonprog song 1/9 processed by rank 6
nonprog song 1/8 processed by rank 7
nonprog song 1/9 processed by rank 2
nonprog song 2/9 processed by rank 0
nonprog song 2/9 processed by rank 3
nonprog song 1/9 processed by rank 5
nonprog song 2/9 processed by rank 2
nonprog song 3/9 processed by rank 0
nonprog song 2/9 processed by rank 1
nonprog song 3/9 processed by rank 3
nonprog song 2/9 processed by rank 5
nonprog song 2/9 processed by rank 6
nonprog song 2/8 processed by rank 7
nonprog song 3/9 processed by rank 1
nonprog song 3/9 processed by rank 5
nonprog song 3/9 processed by rank 6
nonprog song 3/8 processed by rank 7
nonprog song 4/9 processed by rank 1
nonprog song 2/9 processed by rank 4
nonprog song 4/9 processed by rank 5
nonprog song 4/9 processed by rank 0
nonprog song 4/9 processed by rank 6
nonprog song 5/9 processed by rank 1
nonprog song 4/9 processed by rank 3
nonprog song 5/9 processed by rank 6
nonprog song 4/8 processed by rank 7
nonprog song 3/9 processed by rank 4
nonprog song 5/9 processed by rank 3
nonprog song 5/8 processed by rank 7
nonprog song 6/9 processed by rank 1
nonprog song 5/9 processed by rank 5
nonprog song 5/9 processed by rank 0
nonprog song 7/9 processed by rank 1
nonprog song 3/9 processed by rank 2
nonprog song 8/9 processed by rank 1
nonprog song 6/8 processed by rank 7
nonprog song 4/9 processed by rank 4
nonprog song 6/9 processed by rank 0
nonprog song 4/9 processed by rank 2
nonprog song 6/9 processed by rank 5
nonprog song 6/9 processed by rank 3
nonprog song 9/9 processed by rank 1
nonprog song 6/9 processed by rank 6
nonprog song 7/9 processed by rank 0
nonprog song 5/9 processed by rank 2
nonprog song 7/9 processed by rank 3
nonprog song 7/8 processed by rank 7
nonprog song 8/9 processed by rank 0
nonprog song 7/9 processed by rank 6
nonprog song 7/9 processed by rank 5
nonprog song 5/9 processed by rank 4
nonprog song 9/9 processed by rank 0
nonprog song 8/9 processed by rank 6
nonprog song 8/9 processed by rank 3
nonprog song 8/9 processed by rank 5
nonprog song 8/8 processed by rank 7
nonprog song 6/9 processed by rank 2
nonprog song 9/9 processed by rank 6
nonprog song 7/9 processed by rank 2
nonprog song 9/9 processed by rank 3
nonprog song 9/9 processed by rank 5
nonprog song 6/9 processed by rank 4
nonprog song 8/9 processed by rank 2
nonprog song 7/9 processed by rank 4
nonprog song 9/9 processed by rank 2
nonprog song 8/9 processed by rank 4
nonprog song 9/9 processed by rank 4
[0m[0m[0m[0m[0m[0m[0mProgram finished processing validation in 6.093082984288533 minutes
/home/farhad/anaconda3/lib/python3.6/site-packages/librosa/core/pitch.py:145: UserWarning: Trying to estimate tuning from empty frequency set.
  warnings.warn('Trying to estimate tuning from empty frequency set.')
[0m